Using pre-set license
Built from '2021.1/staging' branch; Version is '2021.1.6f1 (c0fade0cc7e9) revision 12647134'; Using compiler version '192528614'; Build Type 'Release'
OS: 'Windows 10 Education; OS build 19042.1706; Version 2009; 64bit' Language: 'ko' Physical Memory: 16310 MB
BatchMode: 1, IsHumanControllingUs: 0, StartBugReporterOnCrash: 0, Is64bit: 1, IsPro: 0

 COMMAND LINE ARGUMENTS:
C:\Program Files\Unity\2021.1.6f1\Editor\Unity.exe
-adb2
-batchMode
-noUpm
-name
AssetImportWorker0
-projectPath
C:/Unity/Rhythm-Jump/Rhythm Jump
-logFile
Logs/AssetImportWorker0.log
-srvPort
9002
Successfully changed project path to: C:/Unity/Rhythm-Jump/Rhythm Jump
C:/Unity/Rhythm-Jump/Rhythm Jump
Using Asset Import Pipeline V2.
Refreshing native plugins compatible for Editor in 117.64 ms, found 2 plugins.
Preloading 0 native plugins for Editor in 0.00 ms.
Initialize engine version: 2021.1.6f1 (c0fade0cc7e9)
[Subsystems] Discovering subsystems at path C:/Program Files/Unity/2021.1.6f1/Editor/Data/Resources/UnitySubsystems
[Subsystems] Discovering subsystems at path C:/Unity/Rhythm-Jump/Rhythm Jump/Assets
GfxDevice: creating device client; threaded=0; jobified=0
Direct3D:
    Version:  Direct3D 11.0 [level 11.1]
    Renderer: NVIDIA GeForce GTX 1080 (ID=0x1b80)
    Vendor:   NVIDIA
    VRAM:     8079 MB
    Driver:   30.0.15.1295
Initialize mono
Mono path[0] = 'C:/Program Files/Unity/2021.1.6f1/Editor/Data/Managed'
Mono path[1] = 'C:/Program Files/Unity/2021.1.6f1/Editor/Data/MonoBleedingEdge/lib/mono/unityjit'
Mono config path = 'C:/Program Files/Unity/2021.1.6f1/Editor/Data/MonoBleedingEdge/etc'
Using monoOptions --debugger-agent=transport=dt_socket,embedding=1,server=y,suspend=n,address=127.0.0.1:56276
Begin MonoManager ReloadAssembly
Registering precompiled unity dll's ...
Register platform support module: C:/Program Files/Unity/2021.1.6f1/Editor/Data/PlaybackEngines/WindowsStandaloneSupport/UnityEditor.WindowsStandalone.Extensions.dll
Registered in 0.004639 seconds.
Native extension for WindowsStandalone target not found
Refreshing native plugins compatible for Editor in 146.68 ms, found 2 plugins.
Preloading 0 native plugins for Editor in 0.00 ms.
Mono: successfully reloaded assembly
- Completed reload, in  3.290 seconds
Platform modules already initialized, skipping
Registering precompiled user dll's ...
Registered in 0.010413 seconds.
Begin MonoManager ReloadAssembly
Native extension for WindowsStandalone target not found
Refreshing native plugins compatible for Editor in 123.90 ms, found 2 plugins.
Preloading 0 native plugins for Editor in 0.00 ms.
Mono: successfully reloaded assembly
- Completed reload, in  2.008 seconds
Platform modules already initialized, skipping
========================================================================
Worker process is ready to serve import requests
Launched and connected shader compiler UnityShaderCompiler.exe after 0.10 seconds
Refreshing native plugins compatible for Editor in 1.75 ms, found 2 plugins.
Preloading 0 native plugins for Editor in 0.00 ms.
Unloading 3610 Unused Serialized files (Serialized files now loaded: 0)
System memory in use before: 141.5 MB.
System memory in use after: 141.6 MB.

Unloading 33 unused Assets to reduce memory usage. Loaded Objects now: 4064.
Total: 4.903100 ms (FindLiveObjects: 0.406200 ms CreateObjectMapping: 0.156300 ms MarkObjects: 4.160200 ms  DeleteObjects: 0.178200 ms)

========================================================================
Received Import Request.
  path: Assets/Scripts/StageDataManager.cs
  artifactKey: Guid(0f3b287ad2828d84cbdcaf8faf7e8658) Importer(815301076,1909f56bfc062723c751e8b465ee728b)
Start importing Assets/Scripts/StageDataManager.cs using Guid(0f3b287ad2828d84cbdcaf8faf7e8658) Importer(815301076,1909f56bfc062723c751e8b465ee728b)  -> (artifact id: '19ece049ef6aca1f8edb6d1bce472354') in 0.083418 seconds 
========================================================================
Received Prepare
Registering precompiled user dll's ...
Registered in 0.012257 seconds.
Begin MonoManager ReloadAssembly
Native extension for WindowsStandalone target not found
Refreshing native plugins compatible for Editor in 1.01 ms, found 2 plugins.
Preloading 0 native plugins for Editor in 0.00 ms.
Mono: successfully reloaded assembly
- Completed reload, in  1.364 seconds
Platform modules already initialized, skipping
Switching build target platform(19) subTarget(0) extendedPlatform(0) -> platform(13) subTarget(537395200) extendedPlatform(0)
Refreshing native plugins compatible for Editor in 1.02 ms, found 2 plugins.
Preloading 0 native plugins for Editor in 0.00 ms.
Unloading 3594 Unused Serialized files (Serialized files now loaded: 0)
System memory in use before: 140.2 MB.
System memory in use after: 140.3 MB.

Unloading 21 unused Assets to reduce memory usage. Loaded Objects now: 4068.
Total: 2.825300 ms (FindLiveObjects: 0.329200 ms CreateObjectMapping: 0.099600 ms MarkObjects: 2.262300 ms  DeleteObjects: 0.132800 ms)

AssetImportParameters requested are different than current active one (requested -> active):
  custom:graphics/normal-map-encoding: 01000000000000000000000000000000 -> 02000000000000000000000000000000
========================================================================
Received Prepare
Registering precompiled user dll's ...
Registered in 0.010305 seconds.
Begin MonoManager ReloadAssembly
Native extension for WindowsStandalone target not found
Refreshing native plugins compatible for Editor in 1.11 ms, found 2 plugins.
Preloading 0 native plugins for Editor in 0.00 ms.
Mono: successfully reloaded assembly
- Completed reload, in  1.379 seconds
Platform modules already initialized, skipping
Switching build target platform(19) subTarget(0) extendedPlatform(0) -> platform(13) subTarget(537395200) extendedPlatform(0)
Refreshing native plugins compatible for Editor in 0.86 ms, found 2 plugins.
Preloading 0 native plugins for Editor in 0.00 ms.
Unloading 3594 Unused Serialized files (Serialized files now loaded: 0)
System memory in use before: 140.3 MB.
System memory in use after: 140.3 MB.

Unloading 21 unused Assets to reduce memory usage. Loaded Objects now: 4072.
Total: 2.638400 ms (FindLiveObjects: 0.337600 ms CreateObjectMapping: 0.097300 ms MarkObjects: 2.082300 ms  DeleteObjects: 0.120000 ms)

AssetImportParameters requested are different than current active one (requested -> active):
  custom:graphics/normal-map-encoding: 01000000000000000000000000000000 -> 02000000000000000000000000000000
========================================================================
Received Prepare
Registering precompiled user dll's ...
Registered in 0.011627 seconds.
Begin MonoManager ReloadAssembly
Native extension for WindowsStandalone target not found
Refreshing native plugins compatible for Editor in 0.93 ms, found 2 plugins.
Preloading 0 native plugins for Editor in 0.00 ms.
Mono: successfully reloaded assembly
- Completed reload, in  1.534 seconds
Platform modules already initialized, skipping
Switching build target platform(19) subTarget(0) extendedPlatform(0) -> platform(13) subTarget(537395200) extendedPlatform(0)
Refreshing native plugins compatible for Editor in 1.01 ms, found 2 plugins.
Preloading 0 native plugins for Editor in 0.00 ms.
Unloading 3594 Unused Serialized files (Serialized files now loaded: 0)
System memory in use before: 140.3 MB.
System memory in use after: 140.4 MB.

Unloading 21 unused Assets to reduce memory usage. Loaded Objects now: 4076.
Total: 3.195900 ms (FindLiveObjects: 0.497600 ms CreateObjectMapping: 0.140700 ms MarkObjects: 2.425000 ms  DeleteObjects: 0.131000 ms)

AssetImportParameters requested are different than current active one (requested -> active):
  custom:graphics/normal-map-encoding: 01000000000000000000000000000000 -> 02000000000000000000000000000000
========================================================================
Received Prepare
Registering precompiled user dll's ...
Registered in 0.009136 seconds.
Begin MonoManager ReloadAssembly
Native extension for WindowsStandalone target not found
Refreshing native plugins compatible for Editor in 0.92 ms, found 2 plugins.
Preloading 0 native plugins for Editor in 0.00 ms.
Mono: successfully reloaded assembly
- Completed reload, in  1.447 seconds
Platform modules already initialized, skipping
Switching build target platform(19) subTarget(0) extendedPlatform(0) -> platform(13) subTarget(537395200) extendedPlatform(0)
Refreshing native plugins compatible for Editor in 0.94 ms, found 2 plugins.
Preloading 0 native plugins for Editor in 0.00 ms.
Unloading 3594 Unused Serialized files (Serialized files now loaded: 0)
System memory in use before: 140.3 MB.
System memory in use after: 140.4 MB.

Unloading 21 unused Assets to reduce memory usage. Loaded Objects now: 4080.
Total: 2.764900 ms (FindLiveObjects: 0.350800 ms CreateObjectMapping: 0.100100 ms MarkObjects: 2.194000 ms  DeleteObjects: 0.118800 ms)

AssetImportParameters requested are different than current active one (requested -> active):
  custom:graphics/normal-map-encoding: 01000000000000000000000000000000 -> 02000000000000000000000000000000
========================================================================
Received Prepare
Registering precompiled user dll's ...
Registered in 0.009916 seconds.
Begin MonoManager ReloadAssembly
Native extension for WindowsStandalone target not found
Refreshing native plugins compatible for Editor in 0.87 ms, found 2 plugins.
Preloading 0 native plugins for Editor in 0.00 ms.
Mono: successfully reloaded assembly
- Completed reload, in  1.335 seconds
Platform modules already initialized, skipping
Switching build target platform(19) subTarget(0) extendedPlatform(0) -> platform(13) subTarget(537395200) extendedPlatform(0)
Refreshing native plugins compatible for Editor in 1.02 ms, found 2 plugins.
Preloading 0 native plugins for Editor in 0.00 ms.
Unloading 3594 Unused Serialized files (Serialized files now loaded: 0)
System memory in use before: 140.3 MB.
System memory in use after: 140.4 MB.

Unloading 21 unused Assets to reduce memory usage. Loaded Objects now: 4084.
Total: 3.395200 ms (FindLiveObjects: 0.345900 ms CreateObjectMapping: 0.099000 ms MarkObjects: 2.817900 ms  DeleteObjects: 0.131200 ms)

AssetImportParameters requested are different than current active one (requested -> active):
  custom:graphics/normal-map-encoding: 01000000000000000000000000000000 -> 02000000000000000000000000000000
========================================================================
Received Prepare
Registering precompiled user dll's ...
Registered in 0.010154 seconds.
Begin MonoManager ReloadAssembly
Native extension for WindowsStandalone target not found
Refreshing native plugins compatible for Editor in 0.87 ms, found 2 plugins.
Preloading 0 native plugins for Editor in 0.00 ms.
Mono: successfully reloaded assembly
- Completed reload, in  1.411 seconds
Platform modules already initialized, skipping
Switching build target platform(19) subTarget(0) extendedPlatform(0) -> platform(13) subTarget(537395200) extendedPlatform(0)
Refreshing native plugins compatible for Editor in 0.87 ms, found 2 plugins.
Preloading 0 native plugins for Editor in 0.00 ms.
Unloading 3594 Unused Serialized files (Serialized files now loaded: 0)
System memory in use before: 140.3 MB.
System memory in use after: 140.4 MB.

Unloading 21 unused Assets to reduce memory usage. Loaded Objects now: 4088.
Total: 2.920800 ms (FindLiveObjects: 0.329100 ms CreateObjectMapping: 0.097300 ms MarkObjects: 2.367600 ms  DeleteObjects: 0.125200 ms)

AssetImportParameters requested are different than current active one (requested -> active):
  custom:graphics/normal-map-encoding: 01000000000000000000000000000000 -> 02000000000000000000000000000000
========================================================================
Received Prepare
Registering precompiled user dll's ...
Registered in 0.009549 seconds.
Begin MonoManager ReloadAssembly
Native extension for WindowsStandalone target not found
Refreshing native plugins compatible for Editor in 0.94 ms, found 2 plugins.
Preloading 0 native plugins for Editor in 0.00 ms.
Mono: successfully reloaded assembly
- Completed reload, in  1.433 seconds
Platform modules already initialized, skipping
Switching build target platform(19) subTarget(0) extendedPlatform(0) -> platform(13) subTarget(537395200) extendedPlatform(0)
Refreshing native plugins compatible for Editor in 1.63 ms, found 2 plugins.
Preloading 0 native plugins for Editor in 0.00 ms.
Unloading 3594 Unused Serialized files (Serialized files now loaded: 0)
System memory in use before: 140.4 MB.
System memory in use after: 140.4 MB.

Unloading 21 unused Assets to reduce memory usage. Loaded Objects now: 4092.
Total: 3.301100 ms (FindLiveObjects: 0.343400 ms CreateObjectMapping: 0.101900 ms MarkObjects: 2.697900 ms  DeleteObjects: 0.156900 ms)

AssetImportParameters requested are different than current active one (requested -> active):
  custom:graphics/normal-map-encoding: 01000000000000000000000000000000 -> 02000000000000000000000000000000
========================================================================
Received Prepare
Registering precompiled user dll's ...
Registered in 0.008485 seconds.
Begin MonoManager ReloadAssembly
Native extension for WindowsStandalone target not found
Refreshing native plugins compatible for Editor in 0.93 ms, found 2 plugins.
Preloading 0 native plugins for Editor in 0.00 ms.
Mono: successfully reloaded assembly
- Completed reload, in  1.428 seconds
Platform modules already initialized, skipping
Switching build target platform(19) subTarget(0) extendedPlatform(0) -> platform(13) subTarget(537395200) extendedPlatform(0)
Refreshing native plugins compatible for Editor in 0.86 ms, found 2 plugins.
Preloading 0 native plugins for Editor in 0.00 ms.
Unloading 3594 Unused Serialized files (Serialized files now loaded: 0)
System memory in use before: 140.4 MB.
System memory in use after: 140.4 MB.

Unloading 21 unused Assets to reduce memory usage. Loaded Objects now: 4096.
Total: 3.633000 ms (FindLiveObjects: 0.565600 ms CreateObjectMapping: 0.113100 ms MarkObjects: 2.823300 ms  DeleteObjects: 0.129400 ms)

AssetImportParameters requested are different than current active one (requested -> active):
  custom:graphics/normal-map-encoding: 01000000000000000000000000000000 -> 02000000000000000000000000000000
========================================================================
Received Prepare
Registering precompiled user dll's ...
Registered in 0.018580 seconds.
Begin MonoManager ReloadAssembly
Native extension for WindowsStandalone target not found
Refreshing native plugins compatible for Editor in 1.03 ms, found 2 plugins.
Preloading 0 native plugins for Editor in 0.00 ms.
Mono: successfully reloaded assembly
- Completed reload, in  2.342 seconds
Platform modules already initialized, skipping
Switching build target platform(19) subTarget(0) extendedPlatform(0) -> platform(13) subTarget(537395200) extendedPlatform(0)
Refreshing native plugins compatible for Editor in 1.70 ms, found 2 plugins.
Preloading 0 native plugins for Editor in 0.00 ms.
Unloading 3594 Unused Serialized files (Serialized files now loaded: 0)
System memory in use before: 140.4 MB.
System memory in use after: 140.5 MB.

Unloading 21 unused Assets to reduce memory usage. Loaded Objects now: 4100.
Total: 8.179500 ms (FindLiveObjects: 1.113500 ms CreateObjectMapping: 0.703300 ms MarkObjects: 6.157000 ms  DeleteObjects: 0.204000 ms)

AssetImportParameters requested are different than current active one (requested -> active):
  custom:graphics/normal-map-encoding: 01000000000000000000000000000000 -> 02000000000000000000000000000000
========================================================================
Received Prepare
Registering precompiled user dll's ...
Registered in 0.009138 seconds.
Begin MonoManager ReloadAssembly
Native extension for WindowsStandalone target not found
Refreshing native plugins compatible for Editor in 0.90 ms, found 2 plugins.
Preloading 0 native plugins for Editor in 0.00 ms.
Mono: successfully reloaded assembly
- Completed reload, in  1.836 seconds
Platform modules already initialized, skipping
Switching build target platform(19) subTarget(0) extendedPlatform(0) -> platform(13) subTarget(537395200) extendedPlatform(0)
Refreshing native plugins compatible for Editor in 1.02 ms, found 2 plugins.
Preloading 0 native plugins for Editor in 0.00 ms.
Unloading 3594 Unused Serialized files (Serialized files now loaded: 0)
System memory in use before: 140.4 MB.
System memory in use after: 140.5 MB.

Unloading 21 unused Assets to reduce memory usage. Loaded Objects now: 4104.
Total: 2.930300 ms (FindLiveObjects: 0.343400 ms CreateObjectMapping: 0.098600 ms MarkObjects: 2.348400 ms  DeleteObjects: 0.138600 ms)

AssetImportParameters requested are different than current active one (requested -> active):
  custom:graphics/normal-map-encoding: 01000000000000000000000000000000 -> 02000000000000000000000000000000
========================================================================
Received Prepare
Registering precompiled user dll's ...
Registered in 0.015245 seconds.
Begin MonoManager ReloadAssembly
Native extension for WindowsStandalone target not found
Refreshing native plugins compatible for Editor in 0.92 ms, found 2 plugins.
Preloading 0 native plugins for Editor in 0.00 ms.
Mono: successfully reloaded assembly
- Completed reload, in  1.604 seconds
Platform modules already initialized, skipping
Switching build target platform(19) subTarget(0) extendedPlatform(0) -> platform(13) subTarget(537395200) extendedPlatform(0)
Refreshing native plugins compatible for Editor in 0.89 ms, found 2 plugins.
Preloading 0 native plugins for Editor in 0.00 ms.
Unloading 3594 Unused Serialized files (Serialized files now loaded: 0)
System memory in use before: 140.4 MB.
System memory in use after: 140.5 MB.

Unloading 21 unused Assets to reduce memory usage. Loaded Objects now: 4108.
Total: 2.987300 ms (FindLiveObjects: 0.354300 ms CreateObjectMapping: 0.102100 ms MarkObjects: 2.380900 ms  DeleteObjects: 0.148000 ms)

AssetImportParameters requested are different than current active one (requested -> active):
  custom:graphics/normal-map-encoding: 01000000000000000000000000000000 -> 02000000000000000000000000000000
========================================================================
Received Prepare
Registering precompiled user dll's ...
Registered in 0.008620 seconds.
Begin MonoManager ReloadAssembly
Native extension for WindowsStandalone target not found
Refreshing native plugins compatible for Editor in 0.88 ms, found 2 plugins.
Preloading 0 native plugins for Editor in 0.00 ms.
Mono: successfully reloaded assembly
- Completed reload, in  1.580 seconds
Platform modules already initialized, skipping
Switching build target platform(19) subTarget(0) extendedPlatform(0) -> platform(13) subTarget(537395200) extendedPlatform(0)
Refreshing native plugins compatible for Editor in 0.92 ms, found 2 plugins.
Preloading 0 native plugins for Editor in 0.00 ms.
Unloading 3594 Unused Serialized files (Serialized files now loaded: 0)
System memory in use before: 140.4 MB.
System memory in use after: 140.5 MB.

Unloading 21 unused Assets to reduce memory usage. Loaded Objects now: 4112.
Total: 3.062900 ms (FindLiveObjects: 0.346400 ms CreateObjectMapping: 0.116200 ms MarkObjects: 2.462100 ms  DeleteObjects: 0.136900 ms)

AssetImportParameters requested are different than current active one (requested -> active):
  custom:graphics/normal-map-encoding: 01000000000000000000000000000000 -> 02000000000000000000000000000000
========================================================================
Received Prepare
Registering precompiled user dll's ...
Registered in 0.010005 seconds.
Begin MonoManager ReloadAssembly
Native extension for WindowsStandalone target not found
Refreshing native plugins compatible for Editor in 1.61 ms, found 2 plugins.
Preloading 0 native plugins for Editor in 0.00 ms.
Mono: successfully reloaded assembly
- Completed reload, in  1.676 seconds
Platform modules already initialized, skipping
Switching build target platform(19) subTarget(0) extendedPlatform(0) -> platform(13) subTarget(537395200) extendedPlatform(0)
Refreshing native plugins compatible for Editor in 1.28 ms, found 2 plugins.
Preloading 0 native plugins for Editor in 0.00 ms.
Unloading 3594 Unused Serialized files (Serialized files now loaded: 0)
System memory in use before: 140.4 MB.
System memory in use after: 140.5 MB.

Unloading 21 unused Assets to reduce memory usage. Loaded Objects now: 4116.
Total: 3.312700 ms (FindLiveObjects: 0.358700 ms CreateObjectMapping: 0.102800 ms MarkObjects: 2.521600 ms  DeleteObjects: 0.327700 ms)

AssetImportParameters requested are different than current active one (requested -> active):
  custom:graphics/normal-map-encoding: 01000000000000000000000000000000 -> 02000000000000000000000000000000
========================================================================
Received Prepare
Registering precompiled user dll's ...
Registered in 0.009555 seconds.
Begin MonoManager ReloadAssembly
Native extension for WindowsStandalone target not found
Refreshing native plugins compatible for Editor in 0.88 ms, found 2 plugins.
Preloading 0 native plugins for Editor in 0.00 ms.
Mono: successfully reloaded assembly
- Completed reload, in  1.486 seconds
Platform modules already initialized, skipping
Switching build target platform(19) subTarget(0) extendedPlatform(0) -> platform(13) subTarget(537395200) extendedPlatform(0)
Refreshing native plugins compatible for Editor in 0.87 ms, found 2 plugins.
Preloading 0 native plugins for Editor in 0.00 ms.
Unloading 3594 Unused Serialized files (Serialized files now loaded: 0)
System memory in use before: 140.4 MB.
System memory in use after: 140.5 MB.

Unloading 21 unused Assets to reduce memory usage. Loaded Objects now: 4120.
Total: 3.317500 ms (FindLiveObjects: 0.433200 ms CreateObjectMapping: 0.106600 ms MarkObjects: 2.632800 ms  DeleteObjects: 0.143700 ms)

AssetImportParameters requested are different than current active one (requested -> active):
  custom:graphics/normal-map-encoding: 01000000000000000000000000000000 -> 02000000000000000000000000000000
========================================================================
Received Prepare
Registering precompiled user dll's ...
Registered in 0.009458 seconds.
Begin MonoManager ReloadAssembly
Native extension for WindowsStandalone target not found
Refreshing native plugins compatible for Editor in 0.87 ms, found 2 plugins.
Preloading 0 native plugins for Editor in 0.00 ms.
Mono: successfully reloaded assembly
- Completed reload, in  1.504 seconds
Platform modules already initialized, skipping
Switching build target platform(19) subTarget(0) extendedPlatform(0) -> platform(13) subTarget(537395200) extendedPlatform(0)
Refreshing native plugins compatible for Editor in 0.89 ms, found 2 plugins.
Preloading 0 native plugins for Editor in 0.00 ms.
Unloading 3594 Unused Serialized files (Serialized files now loaded: 0)
System memory in use before: 140.4 MB.
System memory in use after: 140.5 MB.

Unloading 21 unused Assets to reduce memory usage. Loaded Objects now: 4124.
Total: 3.871800 ms (FindLiveObjects: 0.323300 ms CreateObjectMapping: 0.103600 ms MarkObjects: 2.319200 ms  DeleteObjects: 1.124600 ms)

AssetImportParameters requested are different than current active one (requested -> active):
  custom:graphics/normal-map-encoding: 01000000000000000000000000000000 -> 02000000000000000000000000000000
========================================================================
Received Prepare
Registering precompiled user dll's ...
Registered in 0.010771 seconds.
Begin MonoManager ReloadAssembly
Native extension for WindowsStandalone target not found
Refreshing native plugins compatible for Editor in 1.00 ms, found 2 plugins.
Preloading 0 native plugins for Editor in 0.00 ms.
Mono: successfully reloaded assembly
- Completed reload, in  1.583 seconds
Platform modules already initialized, skipping
Switching build target platform(19) subTarget(0) extendedPlatform(0) -> platform(13) subTarget(537395200) extendedPlatform(0)
Refreshing native plugins compatible for Editor in 0.93 ms, found 2 plugins.
Preloading 0 native plugins for Editor in 0.00 ms.
Unloading 3594 Unused Serialized files (Serialized files now loaded: 0)
System memory in use before: 140.4 MB.
System memory in use after: 140.5 MB.

Unloading 21 unused Assets to reduce memory usage. Loaded Objects now: 4128.
Total: 5.474400 ms (FindLiveObjects: 0.596800 ms CreateObjectMapping: 0.264300 ms MarkObjects: 4.436100 ms  DeleteObjects: 0.174700 ms)

AssetImportParameters requested are different than current active one (requested -> active):
  custom:graphics/normal-map-encoding: 01000000000000000000000000000000 -> 02000000000000000000000000000000
========================================================================
Received Prepare
Registering precompiled user dll's ...
Registered in 0.009934 seconds.
Begin MonoManager ReloadAssembly
Native extension for WindowsStandalone target not found
Refreshing native plugins compatible for Editor in 0.85 ms, found 2 plugins.
Preloading 0 native plugins for Editor in 0.00 ms.
Mono: successfully reloaded assembly
- Completed reload, in  1.550 seconds
Platform modules already initialized, skipping
Switching build target platform(19) subTarget(0) extendedPlatform(0) -> platform(13) subTarget(537395200) extendedPlatform(0)
Refreshing native plugins compatible for Editor in 0.86 ms, found 2 plugins.
Preloading 0 native plugins for Editor in 0.00 ms.
Unloading 3594 Unused Serialized files (Serialized files now loaded: 0)
System memory in use before: 140.4 MB.
System memory in use after: 140.5 MB.

Unloading 21 unused Assets to reduce memory usage. Loaded Objects now: 4132.
Total: 3.248500 ms (FindLiveObjects: 0.334800 ms CreateObjectMapping: 0.096900 ms MarkObjects: 2.689100 ms  DeleteObjects: 0.126100 ms)

AssetImportParameters requested are different than current active one (requested -> active):
  custom:graphics/normal-map-encoding: 01000000000000000000000000000000 -> 02000000000000000000000000000000
========================================================================
Received Prepare
Registering precompiled user dll's ...
Registered in 0.008479 seconds.
Begin MonoManager ReloadAssembly
Native extension for WindowsStandalone target not found
Refreshing native plugins compatible for Editor in 0.87 ms, found 2 plugins.
Preloading 0 native plugins for Editor in 0.00 ms.
Mono: successfully reloaded assembly
- Completed reload, in  1.517 seconds
Platform modules already initialized, skipping
Switching build target platform(19) subTarget(0) extendedPlatform(0) -> platform(13) subTarget(537395200) extendedPlatform(0)
Refreshing native plugins compatible for Editor in 0.88 ms, found 2 plugins.
Preloading 0 native plugins for Editor in 0.00 ms.
Unloading 3594 Unused Serialized files (Serialized files now loaded: 0)
System memory in use before: 140.4 MB.
System memory in use after: 140.5 MB.

Unloading 21 unused Assets to reduce memory usage. Loaded Objects now: 4136.
Total: 2.966700 ms (FindLiveObjects: 0.343200 ms CreateObjectMapping: 0.103300 ms MarkObjects: 2.376900 ms  DeleteObjects: 0.141600 ms)

AssetImportParameters requested are different than current active one (requested -> active):
  custom:graphics/normal-map-encoding: 01000000000000000000000000000000 -> 02000000000000000000000000000000
========================================================================
Received Prepare
Registering precompiled user dll's ...
Registered in 0.008563 seconds.
Begin MonoManager ReloadAssembly
Native extension for WindowsStandalone target not found
Refreshing native plugins compatible for Editor in 0.86 ms, found 2 plugins.
Preloading 0 native plugins for Editor in 0.00 ms.
Mono: successfully reloaded assembly
- Completed reload, in  1.478 seconds
Platform modules already initialized, skipping
Switching build target platform(19) subTarget(0) extendedPlatform(0) -> platform(13) subTarget(537395200) extendedPlatform(0)
Refreshing native plugins compatible for Editor in 0.88 ms, found 2 plugins.
Preloading 0 native plugins for Editor in 0.00 ms.
Unloading 3594 Unused Serialized files (Serialized files now loaded: 0)
System memory in use before: 140.5 MB.
System memory in use after: 140.5 MB.

Unloading 21 unused Assets to reduce memory usage. Loaded Objects now: 4140.
Total: 2.854400 ms (FindLiveObjects: 0.355900 ms CreateObjectMapping: 0.101700 ms MarkObjects: 2.263600 ms  DeleteObjects: 0.131800 ms)

AssetImportParameters requested are different than current active one (requested -> active):
  custom:graphics/normal-map-encoding: 01000000000000000000000000000000 -> 02000000000000000000000000000000
========================================================================
Received Prepare
Registering precompiled user dll's ...
Registered in 0.008748 seconds.
Begin MonoManager ReloadAssembly
Native extension for WindowsStandalone target not found
Refreshing native plugins compatible for Editor in 1.06 ms, found 2 plugins.
Preloading 0 native plugins for Editor in 0.00 ms.
Mono: successfully reloaded assembly
- Completed reload, in  1.509 seconds
Platform modules already initialized, skipping
Switching build target platform(19) subTarget(0) extendedPlatform(0) -> platform(13) subTarget(537395200) extendedPlatform(0)
Refreshing native plugins compatible for Editor in 0.86 ms, found 2 plugins.
Preloading 0 native plugins for Editor in 0.00 ms.
Unloading 3594 Unused Serialized files (Serialized files now loaded: 0)
System memory in use before: 140.5 MB.
System memory in use after: 140.6 MB.

Unloading 21 unused Assets to reduce memory usage. Loaded Objects now: 4144.
Total: 2.906400 ms (FindLiveObjects: 0.331800 ms CreateObjectMapping: 0.107700 ms MarkObjects: 2.336400 ms  DeleteObjects: 0.128900 ms)

AssetImportParameters requested are different than current active one (requested -> active):
  custom:graphics/normal-map-encoding: 01000000000000000000000000000000 -> 02000000000000000000000000000000
========================================================================
Received Prepare
Registering precompiled user dll's ...
Registered in 0.008251 seconds.
Begin MonoManager ReloadAssembly
Native extension for WindowsStandalone target not found
Refreshing native plugins compatible for Editor in 1.42 ms, found 2 plugins.
Preloading 0 native plugins for Editor in 0.00 ms.
Mono: successfully reloaded assembly
- Completed reload, in  1.724 seconds
Platform modules already initialized, skipping
Switching build target platform(19) subTarget(0) extendedPlatform(0) -> platform(13) subTarget(537395200) extendedPlatform(0)
Refreshing native plugins compatible for Editor in 0.97 ms, found 2 plugins.
Preloading 0 native plugins for Editor in 0.00 ms.
Unloading 3594 Unused Serialized files (Serialized files now loaded: 0)
System memory in use before: 140.5 MB.
System memory in use after: 140.6 MB.

Unloading 21 unused Assets to reduce memory usage. Loaded Objects now: 4148.
Total: 2.988700 ms (FindLiveObjects: 0.357700 ms CreateObjectMapping: 0.104900 ms MarkObjects: 2.385300 ms  DeleteObjects: 0.139800 ms)

AssetImportParameters requested are different than current active one (requested -> active):
  custom:graphics/normal-map-encoding: 01000000000000000000000000000000 -> 02000000000000000000000000000000
========================================================================
Received Prepare
Registering precompiled user dll's ...
Registered in 0.008508 seconds.
Begin MonoManager ReloadAssembly
Native extension for WindowsStandalone target not found
Refreshing native plugins compatible for Editor in 0.87 ms, found 2 plugins.
Preloading 0 native plugins for Editor in 0.00 ms.
Mono: successfully reloaded assembly
- Completed reload, in  1.637 seconds
Platform modules already initialized, skipping
Switching build target platform(19) subTarget(0) extendedPlatform(0) -> platform(13) subTarget(537395200) extendedPlatform(0)
Refreshing native plugins compatible for Editor in 0.90 ms, found 2 plugins.
Preloading 0 native plugins for Editor in 0.00 ms.
Unloading 3594 Unused Serialized files (Serialized files now loaded: 0)
System memory in use before: 140.5 MB.
System memory in use after: 140.6 MB.

Unloading 21 unused Assets to reduce memory usage. Loaded Objects now: 4152.
Total: 3.080500 ms (FindLiveObjects: 0.475800 ms CreateObjectMapping: 0.109500 ms MarkObjects: 2.355600 ms  DeleteObjects: 0.138300 ms)

AssetImportParameters requested are different than current active one (requested -> active):
  custom:graphics/normal-map-encoding: 01000000000000000000000000000000 -> 02000000000000000000000000000000
========================================================================
Received Import Request.
  Time since last request: 48277.931086 seconds.
  path: Assets/TextMesh Pro/Examples & Extras/Resources/Fonts & Materials/Anton SDF.asset
  artifactKey: Guid(8a89fa14b10d46a99122fd4f73fca9a2) Importer(815301076,1909f56bfc062723c751e8b465ee728b)
Start importing Assets/TextMesh Pro/Examples & Extras/Resources/Fonts & Materials/Anton SDF.asset using Guid(8a89fa14b10d46a99122fd4f73fca9a2) Importer(815301076,1909f56bfc062723c751e8b465ee728b)  -> (artifact id: '712cec39fbc2a66fb796f2f4fc1eaa72') in 0.280211 seconds 
========================================================================
Received Import Request.
  Time since last request: 0.000329 seconds.
  path: Assets/Plugins/Demigiant/DOTween/Editor/Imgs/Header.jpg
  artifactKey: Guid(78a59ca99f8987941adb61f9e14a06a7) Importer(815301076,1909f56bfc062723c751e8b465ee728b)
Start importing Assets/Plugins/Demigiant/DOTween/Editor/Imgs/Header.jpg using Guid(78a59ca99f8987941adb61f9e14a06a7) Importer(815301076,1909f56bfc062723c751e8b465ee728b)  -> (artifact id: '65dc4bcc22f3734c3575efd2543d3cc6') in 0.051959 seconds 
========================================================================
Received Import Request.
  Time since last request: 0.000351 seconds.
  path: Assets/TextMesh Pro/Examples & Extras/Textures/Mask Zig-n-Zag.psd
  artifactKey: Guid(bb8dfcd263ad4eb383a33d74a720be6f) Importer(815301076,1909f56bfc062723c751e8b465ee728b)
Start importing Assets/TextMesh Pro/Examples & Extras/Textures/Mask Zig-n-Zag.psd using Guid(bb8dfcd263ad4eb383a33d74a720be6f) Importer(815301076,1909f56bfc062723c751e8b465ee728b)  -> (artifact id: 'f7464c21393651b5b4e0069ab7a37da7') in 0.027290 seconds 
========================================================================
Received Import Request.
  Time since last request: 0.000320 seconds.
  path: Assets/PlayerPrefsEditor/Documentation/Images/bgtools_ppe_manual_filterModes.png
  artifactKey: Guid(1eeaad012ac64114b87c08353b430cbe) Importer(815301076,1909f56bfc062723c751e8b465ee728b)
Start importing Assets/PlayerPrefsEditor/Documentation/Images/bgtools_ppe_manual_filterModes.png using Guid(1eeaad012ac64114b87c08353b430cbe) Importer(815301076,1909f56bfc062723c751e8b465ee728b)  -> (artifact id: 'ff4c532a334ec2860b4a30e83065e79d') in 0.029611 seconds 
========================================================================
Received Import Request.
  Time since last request: 0.000304 seconds.
  path: Assets/Sprites/Button.png
  artifactKey: Guid(40df0a873a11d884db47b4ff4f3fa3b3) Importer(815301076,1909f56bfc062723c751e8b465ee728b)
Start importing Assets/Sprites/Button.png using Guid(40df0a873a11d884db47b4ff4f3fa3b3) Importer(815301076,1909f56bfc062723c751e8b465ee728b)  -> (artifact id: '415812b408b7ee613a609f81ca3aa3d8') in 0.039223 seconds 
========================================================================
Received Import Request.
  Time since last request: 0.000380 seconds.
  path: Assets/TextMesh Pro/Examples & Extras/Resources/Fonts & Materials/Electronic Highway Sign SDF.asset
  artifactKey: Guid(dc36b3fdc14f47ebb36fd484a67e268a) Importer(815301076,1909f56bfc062723c751e8b465ee728b)
Start importing Assets/TextMesh Pro/Examples & Extras/Resources/Fonts & Materials/Electronic Highway Sign SDF.asset using Guid(dc36b3fdc14f47ebb36fd484a67e268a) Importer(815301076,1909f56bfc062723c751e8b465ee728b)  -> (artifact id: '429a83a5b0dab493fd2413297b30fdf1') in 0.024714 seconds 
========================================================================
Received Import Request.
  Time since last request: 0.000295 seconds.
  path: Assets/Plugins/Demigiant/DOTween/Editor/Imgs/Footer.png
  artifactKey: Guid(7051dba417b3d53409f2918f1ea4938d) Importer(815301076,1909f56bfc062723c751e8b465ee728b)
Start importing Assets/Plugins/Demigiant/DOTween/Editor/Imgs/Footer.png using Guid(7051dba417b3d53409f2918f1ea4938d) Importer(815301076,1909f56bfc062723c751e8b465ee728b)  -> (artifact id: '903d0887f3b99df3199a6578f7d79f44') in 0.021708 seconds 
========================================================================
Received Import Request.
  Time since last request: 0.000387 seconds.
  path: Assets/TextMesh Pro/Examples & Extras/Sprites/Default Sprites.png
  artifactKey: Guid(a0fc465d6cf04254a2938578735e2383) Importer(815301076,1909f56bfc062723c751e8b465ee728b)
Start importing Assets/TextMesh Pro/Examples & Extras/Sprites/Default Sprites.png using Guid(a0fc465d6cf04254a2938578735e2383) Importer(815301076,1909f56bfc062723c751e8b465ee728b)  -> (artifact id: '0a19a75b10dd8a46af0415aa8b82a0ef') in 0.043811 seconds 
========================================================================
Received Import Request.
  Time since last request: 0.000388 seconds.
  path: Assets/TextMesh Pro/Examples & Extras/Textures/Brushed Metal 3.jpg
  artifactKey: Guid(f88677df267a41d6be1e7a6133e7d227) Importer(815301076,1909f56bfc062723c751e8b465ee728b)
Start importing Assets/TextMesh Pro/Examples & Extras/Textures/Brushed Metal 3.jpg using Guid(f88677df267a41d6be1e7a6133e7d227) Importer(815301076,1909f56bfc062723c751e8b465ee728b)  -> (artifact id: '1496db8ffaaf36cc1b98e6d969bd24f7') in 0.027838 seconds 
========================================================================
Received Import Request.
  Time since last request: 0.000373 seconds.
  path: Assets/TextMesh Pro/Examples & Extras/Textures/Gradient Vertical (Color).jpg
  artifactKey: Guid(03d0538de6e24c0f819bfc9ce084dfa9) Importer(815301076,1909f56bfc062723c751e8b465ee728b)
Start importing Assets/TextMesh Pro/Examples & Extras/Textures/Gradient Vertical (Color).jpg using Guid(03d0538de6e24c0f819bfc9ce084dfa9) Importer(815301076,1909f56bfc062723c751e8b465ee728b)  -> (artifact id: '681e69dcb48d3741801f9fd3ee4bb769') in 0.019450 seconds 
========================================================================
Received Import Request.
  Time since last request: 0.000323 seconds.
  path: Assets/Sprites/Ball.png
  artifactKey: Guid(e4c5fcafdbde7e0488bfb643a50fb897) Importer(815301076,1909f56bfc062723c751e8b465ee728b)
Start importing Assets/Sprites/Ball.png using Guid(e4c5fcafdbde7e0488bfb643a50fb897) Importer(815301076,1909f56bfc062723c751e8b465ee728b)  -> (artifact id: 'f3c3ef21c44189f2b4f890707fa04fc1') in 0.068990 seconds 
========================================================================
Received Import Request.
  Time since last request: 0.000303 seconds.
  path: Assets/TextMesh Pro/Examples & Extras/Textures/Gradient Horizontal (Color).jpg
  artifactKey: Guid(6eb184de103d4b3f812b38561065192f) Importer(815301076,1909f56bfc062723c751e8b465ee728b)
Start importing Assets/TextMesh Pro/Examples & Extras/Textures/Gradient Horizontal (Color).jpg using Guid(6eb184de103d4b3f812b38561065192f) Importer(815301076,1909f56bfc062723c751e8b465ee728b)  -> (artifact id: '0ffc40a492bfb2d6fc1d47e8d9e8a729') in 0.019828 seconds 
========================================================================
Received Import Request.
  Time since last request: 0.000298 seconds.
  path: Assets/neodgm SDF.asset
  artifactKey: Guid(6f6d9ada281e6704d8cd67fe21ac6be3) Importer(815301076,1909f56bfc062723c751e8b465ee728b)
Start importing Assets/neodgm SDF.asset using Guid(6f6d9ada281e6704d8cd67fe21ac6be3) Importer(815301076,1909f56bfc062723c751e8b465ee728b)  -> (artifact id: '71648b1776a84ddfac7c609d39472c78') in 0.554769 seconds 
========================================================================
Received Import Request.
  Time since last request: 0.000252 seconds.
  path: Assets/TextMesh Pro/Examples & Extras/Textures/Gradient Diagonal (Color).jpg
  artifactKey: Guid(2ce5c55e85304b819a1826ecbc839aa5) Importer(815301076,1909f56bfc062723c751e8b465ee728b)
Start importing Assets/TextMesh Pro/Examples & Extras/Textures/Gradient Diagonal (Color).jpg using Guid(2ce5c55e85304b819a1826ecbc839aa5) Importer(815301076,1909f56bfc062723c751e8b465ee728b)  -> (artifact id: '217ece3516c4e0a27e32cac94421618d') in 0.019851 seconds 
========================================================================
Received Import Request.
  Time since last request: 0.000379 seconds.
  path: Assets/Sprites/Note.png
  artifactKey: Guid(255f3072526da194b93b53732bbd34f3) Importer(815301076,1909f56bfc062723c751e8b465ee728b)
Start importing Assets/Sprites/Note.png using Guid(255f3072526da194b93b53732bbd34f3) Importer(815301076,1909f56bfc062723c751e8b465ee728b)  -> (artifact id: '305251a6aa18a8e1560e9456aef45b27') in 0.016723 seconds 
========================================================================
Received Import Request.
  Time since last request: 0.000319 seconds.
  path: Assets/PlayerPrefsEditor/Editor Resources/os_win_icon.png
  artifactKey: Guid(d40b23b11d3b85145af46d2c1316e057) Importer(815301076,1909f56bfc062723c751e8b465ee728b)
Start importing Assets/PlayerPrefsEditor/Editor Resources/os_win_icon.png using Guid(d40b23b11d3b85145af46d2c1316e057) Importer(815301076,1909f56bfc062723c751e8b465ee728b)  -> (artifact id: 'c6c75037bb2b255ee636048a53361817') in 0.023680 seconds 
========================================================================
Received Import Request.
  Time since last request: 0.000317 seconds.
  path: Assets/PlayerPrefsEditor/Editor Resources/os_mac_icon.png
  artifactKey: Guid(c94af9de33f2f524ca4141c5ea383090) Importer(815301076,1909f56bfc062723c751e8b465ee728b)
Start importing Assets/PlayerPrefsEditor/Editor Resources/os_mac_icon.png using Guid(c94af9de33f2f524ca4141c5ea383090) Importer(815301076,1909f56bfc062723c751e8b465ee728b)  -> (artifact id: '5ea08ba6423e1c8c6a96deabff239a0b') in 0.019082 seconds 
========================================================================
Received Import Request.
  Time since last request: 0.000331 seconds.
  path: Assets/Plugins/Demigiant/DOTween/Editor/Imgs/Footer_dark.png
  artifactKey: Guid(519694efe2bb2914788b151fbd8c01f4) Importer(815301076,1909f56bfc062723c751e8b465ee728b)
Start importing Assets/Plugins/Demigiant/DOTween/Editor/Imgs/Footer_dark.png using Guid(519694efe2bb2914788b151fbd8c01f4) Importer(815301076,1909f56bfc062723c751e8b465ee728b)  -> (artifact id: 'db1af8299db6acfa90994301be7a5608') in 0.020063 seconds 
========================================================================
Received Import Request.
  Time since last request: 0.000372 seconds.
  path: Assets/TextMesh Pro/Examples & Extras/Sprites/DropCap Numbers.psd
  artifactKey: Guid(fd09957580ac4326916010f1f260975b) Importer(815301076,1909f56bfc062723c751e8b465ee728b)
Start importing Assets/TextMesh Pro/Examples & Extras/Sprites/DropCap Numbers.psd using Guid(fd09957580ac4326916010f1f260975b) Importer(815301076,1909f56bfc062723c751e8b465ee728b)  -> (artifact id: '233816a678fdcb6dc7f01c7f5ade4127') in 0.028232 seconds 
========================================================================
Received Import Request.
  Time since last request: 0.000405 seconds.
  path: Assets/PlayerPrefsEditor/Editor Resources/info.png
  artifactKey: Guid(babe6cc749d43c2469c6cb12a7a9d344) Importer(815301076,1909f56bfc062723c751e8b465ee728b)
Start importing Assets/PlayerPrefsEditor/Editor Resources/info.png using Guid(babe6cc749d43c2469c6cb12a7a9d344) Importer(815301076,1909f56bfc062723c751e8b465ee728b)  -> (artifact id: '0bc870e92d9e63acfb329ded29481284') in 0.019924 seconds 
========================================================================
Received Import Request.
  Time since last request: 0.000300 seconds.
  path: Assets/TextMesh Pro/Examples & Extras/Resources/Fonts & Materials/Bangers SDF.asset
  artifactKey: Guid(125cb55b44b24c4393181402bc6200e6) Importer(815301076,1909f56bfc062723c751e8b465ee728b)
Start importing Assets/TextMesh Pro/Examples & Extras/Resources/Fonts & Materials/Bangers SDF.asset using Guid(125cb55b44b24c4393181402bc6200e6) Importer(815301076,1909f56bfc062723c751e8b465ee728b)  -> (artifact id: 'ef29c4ca34d686f87dc8e17cf43b25fd') in 0.025381 seconds 
========================================================================
Received Import Request.
  Time since last request: 0.000348 seconds.
  path: Assets/Plugins/Demigiant/DOTween/Editor/Imgs/DOTweenIcon.png
  artifactKey: Guid(8da095e39e9b4df488dfd436f81116d6) Importer(815301076,1909f56bfc062723c751e8b465ee728b)
Start importing Assets/Plugins/Demigiant/DOTween/Editor/Imgs/DOTweenIcon.png using Guid(8da095e39e9b4df488dfd436f81116d6) Importer(815301076,1909f56bfc062723c751e8b465ee728b)  -> (artifact id: 'd2fa9b13659ace02134ea7c72f5939a7') in 0.020330 seconds 
========================================================================
Received Import Request.
  Time since last request: 0.000329 seconds.
  path: Assets/Plugins/Demigiant/DOTween/Editor/Imgs/DOTweenMiniIcon.png
  artifactKey: Guid(61521df2e071645488ba3d05e49289ae) Importer(815301076,1909f56bfc062723c751e8b465ee728b)
Start importing Assets/Plugins/Demigiant/DOTween/Editor/Imgs/DOTweenMiniIcon.png using Guid(61521df2e071645488ba3d05e49289ae) Importer(815301076,1909f56bfc062723c751e8b465ee728b)  -> (artifact id: '7f0ece4f380811a9bd9e5080265d20ae') in 0.020151 seconds 
========================================================================
Received Import Request.
  Time since last request: 0.000335 seconds.
  path: Assets/TextMesh Pro/Sprites/EmojiOne.png
  artifactKey: Guid(dffef66376be4fa480fb02b19edbe903) Importer(815301076,1909f56bfc062723c751e8b465ee728b)
Start importing Assets/TextMesh Pro/Sprites/EmojiOne.png using Guid(dffef66376be4fa480fb02b19edbe903) Importer(815301076,1909f56bfc062723c751e8b465ee728b)  -> (artifact id: '4fa1fe62e669500baafbf40056f40d3b') in 0.022189 seconds 
========================================================================
Received Import Request.
  Time since last request: 0.000310 seconds.
  path: Assets/PlayerPrefsEditor/Editor Resources/exclamation.png
  artifactKey: Guid(058af12bb195cdc43a0f974953fc4afd) Importer(815301076,1909f56bfc062723c751e8b465ee728b)
Start importing Assets/PlayerPrefsEditor/Editor Resources/exclamation.png using Guid(058af12bb195cdc43a0f974953fc4afd) Importer(815301076,1909f56bfc062723c751e8b465ee728b)  -> (artifact id: 'd0ab1c215f003da2e70bb8eb95189776') in 0.023678 seconds 
========================================================================
Received Import Request.
  Time since last request: 0.000345 seconds.
  path: Assets/PlayerPrefsEditor/Documentation/Images/bgtools_ppe_manual_layout.png
  artifactKey: Guid(f9ec3ef9294a33447939ef1af57b5749) Importer(815301076,1909f56bfc062723c751e8b465ee728b)
Start importing Assets/PlayerPrefsEditor/Documentation/Images/bgtools_ppe_manual_layout.png using Guid(f9ec3ef9294a33447939ef1af57b5749) Importer(815301076,1909f56bfc062723c751e8b465ee728b)  -> (artifact id: 'b7e69006d4fdf3543de163fe35b79b1a') in 0.051537 seconds 
========================================================================
Received Import Request.
  Time since last request: 0.000350 seconds.
  path: Assets/Sprites/Explosion.png
  artifactKey: Guid(7cb7df0ae92836b4e955a8f442b275d5) Importer(815301076,1909f56bfc062723c751e8b465ee728b)
Start importing Assets/Sprites/Explosion.png using Guid(7cb7df0ae92836b4e955a8f442b275d5) Importer(815301076,1909f56bfc062723c751e8b465ee728b)  -> (artifact id: '3a44c569b82ff8e9af13bc66be251b24') in 0.071907 seconds 
========================================================================
Received Import Request.
  Time since last request: 0.000269 seconds.
  path: Assets/TextMesh Pro/Examples & Extras/Textures/Small Crate_normal.jpg
  artifactKey: Guid(8878a782f4334ecbbcf683b3ac780966) Importer(815301076,1909f56bfc062723c751e8b465ee728b)
Start importing Assets/TextMesh Pro/Examples & Extras/Textures/Small Crate_normal.jpg using Guid(8878a782f4334ecbbcf683b3ac780966) Importer(815301076,1909f56bfc062723c751e8b465ee728b)  -> (artifact id: 'fcf952f04da7efadc2894bdcf38a6dad') in 0.042525 seconds 
========================================================================
Received Import Request.
  Time since last request: 0.000296 seconds.
  path: Assets/PlayerPrefsEditor/Editor Resources/sort_asc.png
  artifactKey: Guid(3e86075fa207f0041b6111dbfaa3d66e) Importer(815301076,1909f56bfc062723c751e8b465ee728b)
Start importing Assets/PlayerPrefsEditor/Editor Resources/sort_asc.png using Guid(3e86075fa207f0041b6111dbfaa3d66e) Importer(815301076,1909f56bfc062723c751e8b465ee728b)  -> (artifact id: '378a1c47afffb652de0ded3a5fac3eb0') in 0.020028 seconds 
========================================================================
Received Import Request.
  Time since last request: 0.000351 seconds.
  path: Assets/PlayerPrefsEditor/Editor Resources/sort.png
  artifactKey: Guid(5d3ebd901d622c14a9653af004d172a0) Importer(815301076,1909f56bfc062723c751e8b465ee728b)
Start importing Assets/PlayerPrefsEditor/Editor Resources/sort.png using Guid(5d3ebd901d622c14a9653af004d172a0) Importer(815301076,1909f56bfc062723c751e8b465ee728b)  -> (artifact id: '7d75ea6c3958beec6ec615fd57bd6b92') in 0.018945 seconds 
========================================================================
Received Import Request.
  Time since last request: 0.000374 seconds.
  path: Assets/TextMesh Pro/Examples & Extras/Textures/Small Crate_diffuse.jpg
  artifactKey: Guid(602cb87b6a29443b8636370ea0751574) Importer(815301076,1909f56bfc062723c751e8b465ee728b)
Start importing Assets/TextMesh Pro/Examples & Extras/Textures/Small Crate_diffuse.jpg using Guid(602cb87b6a29443b8636370ea0751574) Importer(815301076,1909f56bfc062723c751e8b465ee728b)  -> (artifact id: '0b64aca378ffe14cffa2726a8db2ddea') in 0.027625 seconds 
========================================================================
Received Import Request.
  Time since last request: 0.000362 seconds.
  path: Assets/TextMesh Pro/Examples & Extras/Textures/Text Overflow - Linked Text Image 1.png
  artifactKey: Guid(4ccf43d26c4748c792174516f4a8fcef) Importer(815301076,1909f56bfc062723c751e8b465ee728b)
Start importing Assets/TextMesh Pro/Examples & Extras/Textures/Text Overflow - Linked Text Image 1.png using Guid(4ccf43d26c4748c792174516f4a8fcef) Importer(815301076,1909f56bfc062723c751e8b465ee728b)  -> (artifact id: 'ab8c8a691fae31b5f912cd684143e041') in 0.027209 seconds 
========================================================================
Received Import Request.
  Time since last request: 0.000335 seconds.
  path: Assets/TextMesh Pro/Examples & Extras/Textures/Sunny Days - Seamless.jpg
  artifactKey: Guid(17c350171f7a3ca479f830547c66d187) Importer(815301076,1909f56bfc062723c751e8b465ee728b)
Start importing Assets/TextMesh Pro/Examples & Extras/Textures/Sunny Days - Seamless.jpg using Guid(17c350171f7a3ca479f830547c66d187) Importer(815301076,1909f56bfc062723c751e8b465ee728b)  -> (artifact id: '18463fe32346aca13846e7f5414693da') in 0.021722 seconds 
========================================================================
Received Import Request.
  Time since last request: 0.000356 seconds.
  path: Assets/TextMesh Pro/Resources/Fonts & Materials/LiberationSans SDF - Fallback.asset
  artifactKey: Guid(2e498d1c8094910479dc3e1b768306a4) Importer(815301076,1909f56bfc062723c751e8b465ee728b)
Start importing Assets/TextMesh Pro/Resources/Fonts & Materials/LiberationSans SDF - Fallback.asset using Guid(2e498d1c8094910479dc3e1b768306a4) Importer(815301076,1909f56bfc062723c751e8b465ee728b)  -> (artifact id: '73c4f4f2da4d2ab57d901e0f40ae3f2f') in 0.019805 seconds 
========================================================================
Received Import Request.
  Time since last request: 0.000291 seconds.
  path: Assets/PlayerPrefsEditor/Editor Resources/os_linux_icon.png
  artifactKey: Guid(c78f517c9f87bdf4e814d0d96e740793) Importer(815301076,1909f56bfc062723c751e8b465ee728b)
Start importing Assets/PlayerPrefsEditor/Editor Resources/os_linux_icon.png using Guid(c78f517c9f87bdf4e814d0d96e740793) Importer(815301076,1909f56bfc062723c751e8b465ee728b)  -> (artifact id: '68a93868019ff2434265942d6311e186') in 0.019786 seconds 
========================================================================
Received Import Request.
  Time since last request: 0.000431 seconds.
  path: Assets/TextMesh Pro/Examples & Extras/Textures/Fruit Jelly (B&W).jpg
  artifactKey: Guid(1cdc5b506b1a4a33a53c30669ced1f51) Importer(815301076,1909f56bfc062723c751e8b465ee728b)
Start importing Assets/TextMesh Pro/Examples & Extras/Textures/Fruit Jelly (B&W).jpg using Guid(1cdc5b506b1a4a33a53c30669ced1f51) Importer(815301076,1909f56bfc062723c751e8b465ee728b)  -> (artifact id: '81b81fae5a780ab032974e69f92555a9') in 0.027377 seconds 
========================================================================
Received Import Request.
  Time since last request: 0.000388 seconds.
  path: Assets/PlayerPrefsEditor/Editor Resources/not_watching.png
  artifactKey: Guid(01600487ba432264983788be42b0b029) Importer(815301076,1909f56bfc062723c751e8b465ee728b)
Start importing Assets/PlayerPrefsEditor/Editor Resources/not_watching.png using Guid(01600487ba432264983788be42b0b029) Importer(815301076,1909f56bfc062723c751e8b465ee728b)  -> (artifact id: 'a910fe25e6844d9464a9ceaf98abcfd1') in 0.022499 seconds 
========================================================================
Received Import Request.
  Time since last request: 0.000413 seconds.
  path: Assets/TextMesh Pro/Examples & Extras/Resources/Fonts & Materials/Roboto-Bold SDF.asset
  artifactKey: Guid(5302535af1044152a457ed104f1f4b91) Importer(815301076,1909f56bfc062723c751e8b465ee728b)
Start importing Assets/TextMesh Pro/Examples & Extras/Resources/Fonts & Materials/Roboto-Bold SDF.asset using Guid(5302535af1044152a457ed104f1f4b91) Importer(815301076,1909f56bfc062723c751e8b465ee728b)  -> (artifact id: '03c59274799776af5eee4dbb75b0aa5f') in 0.022764 seconds 
========================================================================
Received Import Request.
  Time since last request: 0.000295 seconds.
  path: Assets/TextMesh Pro/Resources/Fonts & Materials/LiberationSans SDF.asset
  artifactKey: Guid(8f586378b4e144a9851e7b34d9b748ee) Importer(815301076,1909f56bfc062723c751e8b465ee728b)
Start importing Assets/TextMesh Pro/Resources/Fonts & Materials/LiberationSans SDF.asset using Guid(8f586378b4e144a9851e7b34d9b748ee) Importer(815301076,1909f56bfc062723c751e8b465ee728b)  -> (artifact id: '1577ea21da1cd906e5b15d36bc82fdb9') in 0.094595 seconds 
========================================================================
Received Import Request.
  Time since last request: 0.000325 seconds.
  path: Assets/TextMesh Pro/Examples & Extras/Textures/Floor Tiles 1 - diffuse.jpg
  artifactKey: Guid(85ac55597b97403c82fc6601a93cf241) Importer(815301076,1909f56bfc062723c751e8b465ee728b)
Start importing Assets/TextMesh Pro/Examples & Extras/Textures/Floor Tiles 1 - diffuse.jpg using Guid(85ac55597b97403c82fc6601a93cf241) Importer(815301076,1909f56bfc062723c751e8b465ee728b)  -> (artifact id: '8b1b12cc106df00bb6d9fc3a77153ab8') in 0.026364 seconds 
========================================================================
Received Import Request.
  Time since last request: 0.000351 seconds.
  path: Assets/PlayerPrefsEditor/Editor Resources/sort_desc.png
  artifactKey: Guid(73059e24567e2e647bb1d8280f28bf43) Importer(815301076,1909f56bfc062723c751e8b465ee728b)
Start importing Assets/PlayerPrefsEditor/Editor Resources/sort_desc.png using Guid(73059e24567e2e647bb1d8280f28bf43) Importer(815301076,1909f56bfc062723c751e8b465ee728b)  -> (artifact id: '77ec215560cfd63a0497b24f9090e52d') in 0.018908 seconds 
========================================================================
Received Import Request.
  Time since last request: 0.000398 seconds.
  path: Assets/Sprites/Tile.png
  artifactKey: Guid(d3fb1973a30cdf04795a517666ea4ad0) Importer(815301076,1909f56bfc062723c751e8b465ee728b)
Start importing Assets/Sprites/Tile.png using Guid(d3fb1973a30cdf04795a517666ea4ad0) Importer(815301076,1909f56bfc062723c751e8b465ee728b)  -> (artifact id: '8619ee92df22ff1bb7c6a713a069fa32') in 0.018996 seconds 
========================================================================
Received Import Request.
  Time since last request: 0.000436 seconds.
  path: Assets/TextMesh Pro/Examples & Extras/Resources/Fonts & Materials/Oswald Bold SDF.asset
  artifactKey: Guid(0161d805a3764c089bef00bfe00793f5) Importer(815301076,1909f56bfc062723c751e8b465ee728b)
Start importing Assets/TextMesh Pro/Examples & Extras/Resources/Fonts & Materials/Oswald Bold SDF.asset using Guid(0161d805a3764c089bef00bfe00793f5) Importer(815301076,1909f56bfc062723c751e8b465ee728b)  -> (artifact id: '21c8220797489e345428130afb23452a') in 0.028577 seconds 
========================================================================
Received Import Request.
  Time since last request: 0.000275 seconds.
  path: Assets/PlayerPrefsEditor/Editor Resources/refresh.png
  artifactKey: Guid(7d9ae81a8b3252449820b277748395bc) Importer(815301076,1909f56bfc062723c751e8b465ee728b)
Start importing Assets/PlayerPrefsEditor/Editor Resources/refresh.png using Guid(7d9ae81a8b3252449820b277748395bc) Importer(815301076,1909f56bfc062723c751e8b465ee728b)  -> (artifact id: 'abf9480d35e4f65517e83b5eeafe5178') in 0.019590 seconds 
========================================================================
Received Import Request.
  Time since last request: 0.000362 seconds.
  path: Assets/TextMesh Pro/Examples & Extras/Textures/Text Overflow - Linked Text UI Screenshot.png
  artifactKey: Guid(c76d18757a194d618355f05f815cb0a1) Importer(815301076,1909f56bfc062723c751e8b465ee728b)
Start importing Assets/TextMesh Pro/Examples & Extras/Textures/Text Overflow - Linked Text UI Screenshot.png using Guid(c76d18757a194d618355f05f815cb0a1) Importer(815301076,1909f56bfc062723c751e8b465ee728b)  -> (artifact id: 'b2d334fd4e34166e1e85556ff00f421e') in 0.034452 seconds 
========================================================================
Received Import Request.
  Time since last request: 0.000368 seconds.
  path: Assets/TextMesh Pro/Examples & Extras/Textures/Floor Cement.jpg
  artifactKey: Guid(283f897e4925411ebbaa758b4cb13fc2) Importer(815301076,1909f56bfc062723c751e8b465ee728b)
Start importing Assets/TextMesh Pro/Examples & Extras/Textures/Floor Cement.jpg using Guid(283f897e4925411ebbaa758b4cb13fc2) Importer(815301076,1909f56bfc062723c751e8b465ee728b)  -> (artifact id: '1450ce2515f547cec973bb58ff608715') in 0.026056 seconds 
========================================================================
Received Import Request.
  Time since last request: 15.302378 seconds.
  path: Assets/Sprites/Icon.png
  artifactKey: Guid(0bc8260a8fb22fe4a806fcdc4e0302b0) Importer(815301076,1909f56bfc062723c751e8b465ee728b)
Start importing Assets/Sprites/Icon.png using Guid(0bc8260a8fb22fe4a806fcdc4e0302b0) Importer(815301076,1909f56bfc062723c751e8b465ee728b)  -> (artifact id: 'd271d019e50368ad375595b4629b71d1') in 0.017980 seconds 
========================================================================
Received Import Request.
  Time since last request: 12.143705 seconds.
  path: Assets/Sprites/Icon.png
  artifactKey: Guid(0bc8260a8fb22fe4a806fcdc4e0302b0) Importer(815301076,1909f56bfc062723c751e8b465ee728b)
Start importing Assets/Sprites/Icon.png using Guid(0bc8260a8fb22fe4a806fcdc4e0302b0) Importer(815301076,1909f56bfc062723c751e8b465ee728b)  -> (artifact id: 'd4bc8204ab25c3b91bddddf1a1f6d09e') in 0.015921 seconds 
========================================================================
Received Import Request.
  Time since last request: 4.192526 seconds.
  path: Assets/PlayerPrefsEditor/Editor Resources/trash.png
  artifactKey: Guid(cc312847c3bca82428ff672fea7385c7) Importer(815301076,1909f56bfc062723c751e8b465ee728b)
Start importing Assets/PlayerPrefsEditor/Editor Resources/trash.png using Guid(cc312847c3bca82428ff672fea7385c7) Importer(815301076,1909f56bfc062723c751e8b465ee728b)  -> (artifact id: 'a8850cca3bcb1dbb5f273772f1bbdc91') in 0.018920 seconds 
========================================================================
Received Import Request.
  Time since last request: 0.000352 seconds.
  path: Assets/TextMesh Pro/Examples & Extras/Textures/Wipe Pattern - Radial Quad.psd
  artifactKey: Guid(2b5e9ae96c5644d8bae932f8b4ca68a2) Importer(815301076,1909f56bfc062723c751e8b465ee728b)
Start importing Assets/TextMesh Pro/Examples & Extras/Textures/Wipe Pattern - Radial Quad.psd using Guid(2b5e9ae96c5644d8bae932f8b4ca68a2) Importer(815301076,1909f56bfc062723c751e8b465ee728b)  -> (artifact id: '63e2a7eace88116c1cc892d1eb365b14') in 0.019072 seconds 
========================================================================
Received Import Request.
  Time since last request: 0.000279 seconds.
  path: Assets/TextMesh Pro/Examples & Extras/Textures/Wipe Pattern - Circle.psd
  artifactKey: Guid(10c49fcd9c64421db7c0133e61e55f97) Importer(815301076,1909f56bfc062723c751e8b465ee728b)
Start importing Assets/TextMesh Pro/Examples & Extras/Textures/Wipe Pattern - Circle.psd using Guid(10c49fcd9c64421db7c0133e61e55f97) Importer(815301076,1909f56bfc062723c751e8b465ee728b)  -> (artifact id: '2b7c6310524dc78d61c8dea64ac72f4d') in 0.018986 seconds 
========================================================================
Received Import Request.
  Time since last request: 0.000382 seconds.
  path: Assets/PlayerPrefsEditor/Editor Resources/watching.png
  artifactKey: Guid(ed8c91adb8fc54f41aaff0986b083281) Importer(815301076,1909f56bfc062723c751e8b465ee728b)
Start importing Assets/PlayerPrefsEditor/Editor Resources/watching.png using Guid(ed8c91adb8fc54f41aaff0986b083281) Importer(815301076,1909f56bfc062723c751e8b465ee728b)  -> (artifact id: 'ec85ff94c457705253e62237588fceb8') in 0.019698 seconds 
========================================================================
Received Import Request.
  Time since last request: 0.000307 seconds.
  path: Assets/TextMesh Pro/Examples & Extras/Textures/Wipe Pattern - Diagonal.psd
  artifactKey: Guid(ed5290d8df18488780e2996b9b882f01) Importer(815301076,1909f56bfc062723c751e8b465ee728b)
Start importing Assets/TextMesh Pro/Examples & Extras/Textures/Wipe Pattern - Diagonal.psd using Guid(ed5290d8df18488780e2996b9b882f01) Importer(815301076,1909f56bfc062723c751e8b465ee728b)  -> (artifact id: 'eb91c5bedf128de8521e5c89e1e753c7') in 0.020654 seconds 
========================================================================
Received Import Request.
  Time since last request: 0.000379 seconds.
  path: Assets/Sprites/User Interface - Gold Metal.png
  artifactKey: Guid(1c9bc0d104c01934da10d4333b9dc48b) Importer(815301076,1909f56bfc062723c751e8b465ee728b)
Start importing Assets/Sprites/User Interface - Gold Metal.png using Guid(1c9bc0d104c01934da10d4333b9dc48b) Importer(815301076,1909f56bfc062723c751e8b465ee728b)  -> (artifact id: 'f69459e55e9a087496dc4722a17c71c6') in 0.043752 seconds 
========================================================================
Received Import Request.
  Time since last request: 0.000323 seconds.
  path: Assets/TextMesh Pro/Examples & Extras/Textures/Wipe Pattern - Radial Double.psd
  artifactKey: Guid(7631f4eff8f74ed38eb3eb9db17134e1) Importer(815301076,1909f56bfc062723c751e8b465ee728b)
Start importing Assets/TextMesh Pro/Examples & Extras/Textures/Wipe Pattern - Radial Double.psd using Guid(7631f4eff8f74ed38eb3eb9db17134e1) Importer(815301076,1909f56bfc062723c751e8b465ee728b)  -> (artifact id: 'd9040aef971575a93e137dc71f283210') in 0.020258 seconds 
========================================================================
Received Import Request.
  Time since last request: 50.268624 seconds.
  path: Assets/Sprites/Icon.png
  artifactKey: Guid(0bc8260a8fb22fe4a806fcdc4e0302b0) Importer(815301076,1909f56bfc062723c751e8b465ee728b)
Start importing Assets/Sprites/Icon.png using Guid(0bc8260a8fb22fe4a806fcdc4e0302b0) Importer(815301076,1909f56bfc062723c751e8b465ee728b)  -> (artifact id: 'ee84321598fd51adf9eea67c30ea091d') in 0.012641 seconds 
========================================================================
Received Import Request.
  Time since last request: 4.780292 seconds.
  path: Assets/Sprites/Icon.png
  artifactKey: Guid(0bc8260a8fb22fe4a806fcdc4e0302b0) Importer(815301076,1909f56bfc062723c751e8b465ee728b)
Start importing Assets/Sprites/Icon.png using Guid(0bc8260a8fb22fe4a806fcdc4e0302b0) Importer(815301076,1909f56bfc062723c751e8b465ee728b)  -> (artifact id: '62a3fb62db64088ea4ec63ff6b392185') in 0.013952 seconds 
========================================================================
Received Import Request.
  Time since last request: 3.195832 seconds.
  path: Assets/Sprites/Icon.png
  artifactKey: Guid(0bc8260a8fb22fe4a806fcdc4e0302b0) Importer(815301076,1909f56bfc062723c751e8b465ee728b)
Start importing Assets/Sprites/Icon.png using Guid(0bc8260a8fb22fe4a806fcdc4e0302b0) Importer(815301076,1909f56bfc062723c751e8b465ee728b)  -> (artifact id: '0edb2abe14951e7e5745e148b4ed5523') in 0.017365 seconds 
========================================================================
Received Import Request.
  Time since last request: 23.602173 seconds.
  path: Assets/Sprites/Icon.png
  artifactKey: Guid(0bc8260a8fb22fe4a806fcdc4e0302b0) Importer(815301076,1909f56bfc062723c751e8b465ee728b)
Start importing Assets/Sprites/Icon.png using Guid(0bc8260a8fb22fe4a806fcdc4e0302b0) Importer(815301076,1909f56bfc062723c751e8b465ee728b)  -> (artifact id: '77d4e90ccb36efe3d0c83174ed6c9a2a') in 0.014623 seconds 
========================================================================
Received Import Request.
  Time since last request: 128.348934 seconds.
  path: Assets/Sprites/Icon.png
  artifactKey: Guid(0bc8260a8fb22fe4a806fcdc4e0302b0) Importer(815301076,1909f56bfc062723c751e8b465ee728b)
Start importing Assets/Sprites/Icon.png using Guid(0bc8260a8fb22fe4a806fcdc4e0302b0) Importer(815301076,1909f56bfc062723c751e8b465ee728b)  -> (artifact id: '0bd371f1649a9bf3eb62dc56e42fcd6d') in 0.026659 seconds 
========================================================================
Received Import Request.
  Time since last request: 5.840541 seconds.
  path: Assets/Sprites/Icon.png
  artifactKey: Guid(0bc8260a8fb22fe4a806fcdc4e0302b0) Importer(815301076,1909f56bfc062723c751e8b465ee728b)
Start importing Assets/Sprites/Icon.png using Guid(0bc8260a8fb22fe4a806fcdc4e0302b0) Importer(815301076,1909f56bfc062723c751e8b465ee728b)  -> (artifact id: 'cdf1d50dbac6215825d659162d88a333') in 0.023853 seconds 
========================================================================
Received Import Request.
  Time since last request: 7.333939 seconds.
  path: Assets/Sprites/Icon.png
  artifactKey: Guid(0bc8260a8fb22fe4a806fcdc4e0302b0) Importer(815301076,1909f56bfc062723c751e8b465ee728b)
Start importing Assets/Sprites/Icon.png using Guid(0bc8260a8fb22fe4a806fcdc4e0302b0) Importer(815301076,1909f56bfc062723c751e8b465ee728b)  -> (artifact id: 'f2051b385881cedfb00c2d626e88b4ab') in 0.022090 seconds 
AssetImportWorkerClient::OnTransportError - code=2 error=End of file
